

Started GET "/" for 127.0.0.1 at 2014-02-03 21:33:39 -0800

PG::ConnectionBad (FATAL:  role "science_commons_api" does not exist
):
  activerecord (4.0.0) lib/active_record/connection_adapters/postgresql_adapter.rb:825:in `initialize'
  activerecord (4.0.0) lib/active_record/connection_adapters/postgresql_adapter.rb:825:in `new'
  activerecord (4.0.0) lib/active_record/connection_adapters/postgresql_adapter.rb:825:in `connect'
  activerecord (4.0.0) lib/active_record/connection_adapters/postgresql_adapter.rb:542:in `initialize'
  activerecord (4.0.0) lib/active_record/connection_adapters/postgresql_adapter.rb:41:in `new'
  activerecord (4.0.0) lib/active_record/connection_adapters/postgresql_adapter.rb:41:in `postgresql_connection'
  activerecord (4.0.0) lib/active_record/connection_adapters/abstract/connection_pool.rb:440:in `new_connection'
  activerecord (4.0.0) lib/active_record/connection_adapters/abstract/connection_pool.rb:450:in `checkout_new_connection'
  activerecord (4.0.0) lib/active_record/connection_adapters/abstract/connection_pool.rb:421:in `acquire_connection'
  activerecord (4.0.0) lib/active_record/connection_adapters/abstract/connection_pool.rb:356:in `block in checkout'
  /Users/attachments/.rvm/rubies/ruby-2.0.0-p353/lib/ruby/2.0.0/monitor.rb:211:in `mon_synchronize'
  activerecord (4.0.0) lib/active_record/connection_adapters/abstract/connection_pool.rb:355:in `checkout'
  activerecord (4.0.0) lib/active_record/connection_adapters/abstract/connection_pool.rb:265:in `block in connection'
  /Users/attachments/.rvm/rubies/ruby-2.0.0-p353/lib/ruby/2.0.0/monitor.rb:211:in `mon_synchronize'
  activerecord (4.0.0) lib/active_record/connection_adapters/abstract/connection_pool.rb:264:in `connection'
  activerecord (4.0.0) lib/active_record/connection_adapters/abstract/connection_pool.rb:546:in `retrieve_connection'
  activerecord (4.0.0) lib/active_record/connection_handling.rb:79:in `retrieve_connection'
  activerecord (4.0.0) lib/active_record/connection_handling.rb:53:in `connection'
  activerecord (4.0.0) lib/active_record/query_cache.rb:51:in `restore_query_cache_settings'
  activerecord (4.0.0) lib/active_record/query_cache.rb:43:in `rescue in call'
  activerecord (4.0.0) lib/active_record/query_cache.rb:32:in `call'
  activerecord (4.0.0) lib/active_record/connection_adapters/abstract/connection_pool.rb:626:in `call'
  activerecord (4.0.0) lib/active_record/migration.rb:369:in `call'
  actionpack (4.0.0) lib/action_dispatch/middleware/callbacks.rb:29:in `block in call'
  activesupport (4.0.0) lib/active_support/callbacks.rb:373:in `_run__2366255720429327601__call__callbacks'
  activesupport (4.0.0) lib/active_support/callbacks.rb:80:in `run_callbacks'
  actionpack (4.0.0) lib/action_dispatch/middleware/callbacks.rb:27:in `call'
  actionpack (4.0.0) lib/action_dispatch/middleware/reloader.rb:64:in `call'
  actionpack (4.0.0) lib/action_dispatch/middleware/remote_ip.rb:76:in `call'
  actionpack (4.0.0) lib/action_dispatch/middleware/debug_exceptions.rb:17:in `call'
  actionpack (4.0.0) lib/action_dispatch/middleware/show_exceptions.rb:30:in `call'
  railties (4.0.0) lib/rails/rack/logger.rb:38:in `call_app'
  railties (4.0.0) lib/rails/rack/logger.rb:21:in `block in call'
  activesupport (4.0.0) lib/active_support/tagged_logging.rb:67:in `block in tagged'
  activesupport (4.0.0) lib/active_support/tagged_logging.rb:25:in `tagged'
  activesupport (4.0.0) lib/active_support/tagged_logging.rb:67:in `tagged'
  railties (4.0.0) lib/rails/rack/logger.rb:21:in `call'
  actionpack (4.0.0) lib/action_dispatch/middleware/request_id.rb:21:in `call'
  rack (1.5.2) lib/rack/methodoverride.rb:21:in `call'
  rack (1.5.2) lib/rack/runtime.rb:17:in `call'
  activesupport (4.0.0) lib/active_support/cache/strategy/local_cache.rb:83:in `call'
  rack (1.5.2) lib/rack/lock.rb:17:in `call'
  actionpack (4.0.0) lib/action_dispatch/middleware/static.rb:64:in `call'
  railties (4.0.0) lib/rails/engine.rb:511:in `call'
  railties (4.0.0) lib/rails/application.rb:97:in `call'
  rack (1.5.2) lib/rack/lock.rb:17:in `call'
  rack (1.5.2) lib/rack/content_length.rb:14:in `call'
  rack (1.5.2) lib/rack/handler/webrick.rb:60:in `service'
  /Users/attachments/.rvm/rubies/ruby-2.0.0-p353/lib/ruby/2.0.0/webrick/httpserver.rb:138:in `service'
  /Users/attachments/.rvm/rubies/ruby-2.0.0-p353/lib/ruby/2.0.0/webrick/httpserver.rb:94:in `run'
  /Users/attachments/.rvm/rubies/ruby-2.0.0-p353/lib/ruby/2.0.0/webrick/server.rb:295:in `block in start_thread'


  Rendered /Users/attachments/.rvm/gems/ruby-2.0.0-p353@global/gems/actionpack-4.0.0/lib/action_dispatch/middleware/templates/rescues/_source.erb (1.1ms)
  Rendered /Users/attachments/.rvm/gems/ruby-2.0.0-p353@global/gems/actionpack-4.0.0/lib/action_dispatch/middleware/templates/rescues/_trace.erb (1.9ms)
  Rendered /Users/attachments/.rvm/gems/ruby-2.0.0-p353@global/gems/actionpack-4.0.0/lib/action_dispatch/middleware/templates/rescues/_request_and_response.erb (1.3ms)
  Rendered /Users/attachments/.rvm/gems/ruby-2.0.0-p353@global/gems/actionpack-4.0.0/lib/action_dispatch/middleware/templates/rescues/diagnostics.erb within rescues/layout (35.5ms)


Started GET "/" for 127.0.0.1 at 2014-02-03 21:37:56 -0800
Processing by Rails::WelcomeController#index as HTML
  Rendered /Users/attachments/.rvm/gems/ruby-2.0.0-p353@global/gems/railties-4.0.0/lib/rails/templates/rails/welcome/index.html.erb (3.2ms)
Completed 200 OK in 80ms (Views: 15.4ms | ActiveRecord: 0.0ms)


Started GET "/" for 127.0.0.1 at 2014-02-03 21:37:56 -0800
Processing by Rails::WelcomeController#index as HTML
  Rendered /Users/attachments/.rvm/gems/ruby-2.0.0-p353@global/gems/railties-4.0.0/lib/rails/templates/rails/welcome/index.html.erb (0.1ms)
Completed 200 OK in 3ms (Views: 2.4ms | ActiveRecord: 0.0ms)
  [1m[36m (28.4ms)[0m  [1mCREATE TABLE "schema_migrations" ("version" character varying(255) NOT NULL) [0m
  [1m[35m (4.3ms)[0m  CREATE UNIQUE INDEX "unique_schema_migrations" ON "schema_migrations" ("version")
  [1m[36mActiveRecord::SchemaMigration Load (0.4ms)[0m  [1mSELECT "schema_migrations".* FROM "schema_migrations"[0m
Migrating to CreateArticles (20140204054517)
  [1m[35m (0.1ms)[0m  BEGIN
  [1m[36m (7.4ms)[0m  [1mCREATE TABLE "articles" ("id" serial primary key, "doi" character varying(255), "journal_id" integer, "publication_date" date, "abstract" character varying(255), "created_at" timestamp, "updated_at" timestamp) [0m
  [1m[35m (0.8ms)[0m  CREATE UNIQUE INDEX "index_articles_on_doi" ON "articles" ("doi")
  [1m[36m (0.9ms)[0m  [1mCREATE INDEX "index_articles_on_journal_id" ON "articles" ("journal_id")[0m
  [1m[35m (0.9ms)[0m  CREATE INDEX "index_articles_on_publication_date" ON "articles" ("publication_date")
  [1m[36mSQL (1.0ms)[0m  [1mINSERT INTO "schema_migrations" ("version") VALUES ($1)[0m  [["version", "20140204054517"]]
  [1m[35m (0.5ms)[0m  COMMIT
  [1m[36mActiveRecord::SchemaMigration Load (0.3ms)[0m  [1mSELECT "schema_migrations".* FROM "schema_migrations"[0m
  [1m[36m (114.9ms)[0m  [1mDROP DATABASE IF EXISTS "science_commons_test"[0m
  [1m[35m (272.0ms)[0m  CREATE DATABASE "science_commons_test" ENCODING = 'unicode'
  [1m[36mSQL (2.0ms)[0m  [1mCREATE EXTENSION IF NOT EXISTS "plpgsql"[0m
  [1m[35m (8.8ms)[0m  CREATE TABLE "articles" ("id" serial primary key, "doi" character varying(255), "journal_id" integer, "publication_date" date, "abstract" character varying(255), "created_at" timestamp, "updated_at" timestamp) 
  [1m[36m (1.2ms)[0m  [1mCREATE UNIQUE INDEX "index_articles_on_doi" ON "articles" USING btree ("doi")[0m
  [1m[35m (0.9ms)[0m  CREATE INDEX "index_articles_on_journal_id" ON "articles" USING btree ("journal_id")
  [1m[36m (1.1ms)[0m  [1mCREATE INDEX "index_articles_on_publication_date" ON "articles" USING btree ("publication_date")[0m
  [1m[35m (1.0ms)[0m  CREATE TABLE "schema_migrations" ("version" character varying(255) NOT NULL) 
  [1m[36m (1.0ms)[0m  [1mCREATE UNIQUE INDEX "unique_schema_migrations" ON "schema_migrations" ("version")[0m
  [1m[35m (0.4ms)[0m  SELECT version FROM "schema_migrations"
  [1m[36m (0.5ms)[0m  [1mINSERT INTO "schema_migrations" (version) VALUES ('20140204054517')[0m
  [1m[36mActiveRecord::SchemaMigration Load (4.6ms)[0m  [1mSELECT "schema_migrations".* FROM "schema_migrations"[0m
  [1m[35mActiveRecord::SchemaMigration Load (0.3ms)[0m  SELECT "schema_migrations".* FROM "schema_migrations"
  [1m[36mArticle Load (5.5ms)[0m  [1mSELECT "articles".* FROM "articles" ORDER BY "articles"."id" ASC LIMIT 1[0m
  [1m[35mArticle Load (0.9ms)[0m  SELECT "articles".* FROM "articles" ORDER BY "articles"."id" ASC LIMIT 1


Started GET "/" for 127.0.0.1 at 2014-02-08 16:18:07 -0800
  [1m[36mActiveRecord::SchemaMigration Load (0.6ms)[0m  [1mSELECT "schema_migrations".* FROM "schema_migrations"[0m
Processing by Rails::WelcomeController#index as HTML
  Rendered /Users/attachments/.rvm/gems/ruby-1.9.3-p484/gems/railties-4.0.0/lib/rails/templates/rails/welcome/index.html.erb (5.4ms)
Completed 200 OK in 55ms (Views: 23.2ms | ActiveRecord: 0.0ms)


Started GET "/" for 127.0.0.1 at 2014-02-08 16:18:07 -0800
Processing by Rails::WelcomeController#index as HTML
  Rendered /Users/attachments/.rvm/gems/ruby-1.9.3-p484/gems/railties-4.0.0/lib/rails/templates/rails/welcome/index.html.erb (0.1ms)
Completed 200 OK in 2ms (Views: 1.8ms | ActiveRecord: 0.0ms)
  [1m[36m (5.1ms)[0m  [1mCREATE TABLE "schema_migrations" ("version" character varying(255) NOT NULL) [0m
  [1m[35m (1.5ms)[0m  CREATE UNIQUE INDEX "unique_schema_migrations" ON "schema_migrations" ("version")
  [1m[36mActiveRecord::SchemaMigration Load (0.4ms)[0m  [1mSELECT "schema_migrations".* FROM "schema_migrations"[0m
Migrating to CreateArticles (20140204054517)
  [1m[36mActiveRecord::SchemaMigration Load (0.5ms)[0m  [1mSELECT "schema_migrations".* FROM "schema_migrations"[0m
Migrating to CreateArticles (20140204054517)
  [1m[36mActiveRecord::SchemaMigration Load (0.4ms)[0m  [1mSELECT "schema_migrations".* FROM "schema_migrations"[0m
Migrating to CreateArticles (20140204054517)
  [1m[36mActiveRecord::SchemaMigration Load (0.4ms)[0m  [1mSELECT "schema_migrations".* FROM "schema_migrations"[0m
Migrating to CreateArticles (20140204054517)
  [1m[36mActiveRecord::SchemaMigration Load (0.5ms)[0m  [1mSELECT "schema_migrations".* FROM "schema_migrations"[0m
Migrating to CreateArticles (20140204054517)
  [1m[36mActiveRecord::SchemaMigration Load (0.5ms)[0m  [1mSELECT "schema_migrations".* FROM "schema_migrations"[0m
Migrating to CreateArticles (20140204054517)
  [1m[36mActiveRecord::SchemaMigration Load (0.5ms)[0m  [1mSELECT "schema_migrations".* FROM "schema_migrations"[0m
Migrating to CreateArticles (20140204054517)
  [1m[36mActiveRecord::SchemaMigration Load (0.5ms)[0m  [1mSELECT "schema_migrations".* FROM "schema_migrations"[0m
Migrating to CreateArticles (20140204054517)
  [1m[36mActiveRecord::SchemaMigration Load (0.5ms)[0m  [1mSELECT "schema_migrations".* FROM "schema_migrations"[0m
Migrating to CreateArticles (20140204054517)
  [1m[35m (0.3ms)[0m  BEGIN
  [1m[36m (6.1ms)[0m  [1mCREATE TABLE "articles" ("id" serial primary key, "doi" character varying(255) NOT NULL, "journal_id" integer, "publication_date" date, "abstract" character varying(255), "repeatability" float DEFAULT 0, "materials" float DEFAULT 0, "quality_of_stats" float DEFAULT 0, "disclosure" float DEFAULT 0, "created_at" timestamp, "updated_at" timestamp) [0m
  [1m[35m (1.1ms)[0m  CREATE UNIQUE INDEX "index_articles_on_doi" ON "articles" ("doi")
  [1m[36m (1.0ms)[0m  [1mCREATE INDEX "index_articles_on_journal_id" ON "articles" ("journal_id")[0m
  [1m[35m (0.7ms)[0m  CREATE INDEX "index_articles_on_publication_date" ON "articles" ("publication_date")
  [1m[36mSQL (0.7ms)[0m  [1mINSERT INTO "schema_migrations" ("version") VALUES ($1)[0m  [["version", "20140204054517"]]
  [1m[35m (1.1ms)[0m  COMMIT
  [1m[36mActiveRecord::SchemaMigration Load (0.3ms)[0m  [1mSELECT "schema_migrations".* FROM "schema_migrations"[0m
[1m[32m[Shard: s1][0m  [1m[36m (7.5ms)[0m  [1mCREATE TABLE "schema_migrations" ("version" character varying(255) NOT NULL) [0m
[1m[32m[Shard: s1][0m  [1m[35m (2.7ms)[0m  CREATE UNIQUE INDEX "unique_schema_migrations" ON "schema_migrations" ("version")
[1m[32m[Shard: s1][0m  [1m[36mActiveRecord::SchemaMigration Load (0.5ms)[0m  [1mSELECT "schema_migrations".* FROM "schema_migrations"[0m
Migrating to CreateArticles (20140204054517)
[1m[32m[Shard: s1][0m  [1m[35m (0.1ms)[0m  BEGIN
[1m[32m[Shard: s1][0m  [1m[36m (6.2ms)[0m  [1mCREATE TABLE "articles" ("id" serial primary key, "doi" character varying(255) NOT NULL, "journal_id" integer, "publication_date" date, "abstract" character varying(255), "repeatability" float DEFAULT 0, "materials" float DEFAULT 0, "quality_of_stats" float DEFAULT 0, "disclosure" float DEFAULT 0, "created_at" timestamp, "updated_at" timestamp) [0m
[1m[32m[Shard: s1][0m  [1m[35m (1.0ms)[0m  CREATE UNIQUE INDEX "index_articles_on_doi" ON "articles" ("doi")
[1m[32m[Shard: s1][0m  [1m[36m (1.0ms)[0m  [1mCREATE INDEX "index_articles_on_journal_id" ON "articles" ("journal_id")[0m
[1m[32m[Shard: s1][0m  [1m[35m (0.7ms)[0m  CREATE INDEX "index_articles_on_publication_date" ON "articles" ("publication_date")
[1m[32m[Shard: s1][0m  [1m[36mSQL (0.8ms)[0m  [1mINSERT INTO "schema_migrations" ("version") VALUES ($1)[0m  [["version", "20140204054517"]]
[1m[32m[Shard: s1][0m  [1m[35m (0.7ms)[0m  COMMIT
[1m[32m[Shard: s2][0m  [1m[36m (2.9ms)[0m  [1mCREATE TABLE "schema_migrations" ("version" character varying(255) NOT NULL) [0m
[1m[32m[Shard: s2][0m  [1m[35m (1.6ms)[0m  CREATE UNIQUE INDEX "unique_schema_migrations" ON "schema_migrations" ("version")
[1m[32m[Shard: s2][0m  [1m[36mActiveRecord::SchemaMigration Load (0.4ms)[0m  [1mSELECT "schema_migrations".* FROM "schema_migrations"[0m
Migrating to CreateArticles (20140204054517)
[1m[32m[Shard: s2][0m  [1m[35m (0.2ms)[0m  BEGIN
[1m[32m[Shard: s2][0m  [1m[36m (5.5ms)[0m  [1mCREATE TABLE "articles" ("id" serial primary key, "doi" character varying(255) NOT NULL, "journal_id" integer, "publication_date" date, "abstract" character varying(255), "repeatability" float DEFAULT 0, "materials" float DEFAULT 0, "quality_of_stats" float DEFAULT 0, "disclosure" float DEFAULT 0, "created_at" timestamp, "updated_at" timestamp) [0m
[1m[32m[Shard: s2][0m  [1m[35m (1.0ms)[0m  CREATE UNIQUE INDEX "index_articles_on_doi" ON "articles" ("doi")
[1m[32m[Shard: s2][0m  [1m[36m (0.8ms)[0m  [1mCREATE INDEX "index_articles_on_journal_id" ON "articles" ("journal_id")[0m
[1m[32m[Shard: s2][0m  [1m[35m (0.9ms)[0m  CREATE INDEX "index_articles_on_publication_date" ON "articles" ("publication_date")
[1m[32m[Shard: s2][0m  [1m[36mSQL (0.9ms)[0m  [1mINSERT INTO "schema_migrations" ("version") VALUES ($1)[0m  [["version", "20140204054517"]]
[1m[32m[Shard: s2][0m  [1m[35m (0.7ms)[0m  COMMIT
  [1m[36mActiveRecord::SchemaMigration Load (0.9ms)[0m  [1mSELECT "schema_migrations".* FROM "schema_migrations"[0m
[1m[32m[Shard: s1][0m  [1m[36mActiveRecord::SchemaMigration Load (0.5ms)[0m  [1mSELECT "schema_migrations".* FROM "schema_migrations"[0m
[1m[32m[Shard: s2][0m  [1m[35mActiveRecord::SchemaMigration Load (0.4ms)[0m  SELECT "schema_migrations".* FROM "schema_migrations"
  [1m[36mActiveRecord::SchemaMigration Load (0.5ms)[0m  [1mSELECT "schema_migrations".* FROM "schema_migrations"[0m
