# Logfile created on 2014-02-03 21:34:14 -0800 by logger.rb/41954
I, [2014-02-03T21:34:14.126275 #82092]  INFO -- : 0:  rake (10.1.1) from /Users/attachments/.rvm/gems/ruby-2.0.0-p353/specifications/rake-10.1.1.gemspec
I, [2014-02-03T21:34:14.126697 #82092]  INFO -- : 0:  i18n (0.6.9) from /Users/attachments/.rvm/gems/ruby-2.0.0-p353/specifications/i18n-0.6.9.gemspec
I, [2014-02-03T21:34:14.127095 #82092]  INFO -- : 0:  minitest (4.7.5) from /Users/attachments/.rvm/gems/ruby-2.0.0-p353@global/specifications/minitest-4.7.5.gemspec
I, [2014-02-03T21:34:14.127457 #82092]  INFO -- : 0:  multi_json (1.8.4) from /Users/attachments/.rvm/gems/ruby-2.0.0-p353/specifications/multi_json-1.8.4.gemspec
I, [2014-02-03T21:34:14.127834 #82092]  INFO -- : 0:  atomic (1.1.14) from /Users/attachments/.rvm/gems/ruby-2.0.0-p353@global/specifications/atomic-1.1.14.gemspec
I, [2014-02-03T21:34:14.128195 #82092]  INFO -- : 0:  thread_safe (0.1.3) from /Users/attachments/.rvm/gems/ruby-2.0.0-p353@global/specifications/thread_safe-0.1.3.gemspec
I, [2014-02-03T21:34:14.128565 #82092]  INFO -- : 0:  tzinfo (0.3.38) from /Users/attachments/.rvm/gems/ruby-2.0.0-p353@global/specifications/tzinfo-0.3.38.gemspec
I, [2014-02-03T21:34:14.128940 #82092]  INFO -- : 0:  activesupport (4.0.0) from /Users/attachments/.rvm/gems/ruby-2.0.0-p353@global/specifications/activesupport-4.0.0.gemspec
I, [2014-02-03T21:34:14.129294 #82092]  INFO -- : 0:  builder (3.1.4) from /Users/attachments/.rvm/gems/ruby-2.0.0-p353@global/specifications/builder-3.1.4.gemspec
I, [2014-02-03T21:34:14.129665 #82092]  INFO -- : 0:  erubis (2.7.0) from /Users/attachments/.rvm/gems/ruby-2.0.0-p353@global/specifications/erubis-2.7.0.gemspec
I, [2014-02-03T21:34:14.130025 #82092]  INFO -- : 0:  rack (1.5.2) from /Users/attachments/.rvm/gems/ruby-2.0.0-p353@global/specifications/rack-1.5.2.gemspec
I, [2014-02-03T21:34:14.130423 #82092]  INFO -- : 0:  rack-test (0.6.2) from /Users/attachments/.rvm/gems/ruby-2.0.0-p353@global/specifications/rack-test-0.6.2.gemspec
I, [2014-02-03T21:34:14.130847 #82092]  INFO -- : 0:  actionpack (4.0.0) from /Users/attachments/.rvm/gems/ruby-2.0.0-p353@global/specifications/actionpack-4.0.0.gemspec
I, [2014-02-03T21:34:14.131299 #82092]  INFO -- : 0:  mime-types (1.25.1) from /Users/attachments/.rvm/gems/ruby-2.0.0-p353@global/specifications/mime-types-1.25.1.gemspec
I, [2014-02-03T21:34:14.131762 #82092]  INFO -- : 0:  polyglot (0.3.3) from /Users/attachments/.rvm/gems/ruby-2.0.0-p353@global/specifications/polyglot-0.3.3.gemspec
I, [2014-02-03T21:34:14.132150 #82092]  INFO -- : 0:  treetop (1.4.15) from /Users/attachments/.rvm/gems/ruby-2.0.0-p353@global/specifications/treetop-1.4.15.gemspec
I, [2014-02-03T21:34:14.132528 #82092]  INFO -- : 0:  mail (2.5.4) from /Users/attachments/.rvm/gems/ruby-2.0.0-p353@global/specifications/mail-2.5.4.gemspec
I, [2014-02-03T21:34:14.132899 #82092]  INFO -- : 0:  actionmailer (4.0.0) from /Users/attachments/.rvm/gems/ruby-2.0.0-p353@global/specifications/actionmailer-4.0.0.gemspec
I, [2014-02-03T21:34:14.133266 #82092]  INFO -- : 0:  activemodel (4.0.0) from /Users/attachments/.rvm/gems/ruby-2.0.0-p353@global/specifications/activemodel-4.0.0.gemspec
I, [2014-02-03T21:34:14.133634 #82092]  INFO -- : 0:  activerecord-deprecated_finders (1.0.3) from /Users/attachments/.rvm/gems/ruby-2.0.0-p353@global/specifications/activerecord-deprecated_finders-1.0.3.gemspec
I, [2014-02-03T21:34:14.134100 #82092]  INFO -- : 0:  arel (4.0.1) from /Users/attachments/.rvm/gems/ruby-2.0.0-p353@global/specifications/arel-4.0.1.gemspec
I, [2014-02-03T21:34:14.134595 #82092]  INFO -- : 0:  activerecord (4.0.0) from /Users/attachments/.rvm/gems/ruby-2.0.0-p353@global/specifications/activerecord-4.0.0.gemspec
I, [2014-02-03T21:34:14.135095 #82092]  INFO -- : 0:  coffee-script-source (1.7.0) from /Users/attachments/.rvm/gems/ruby-2.0.0-p353@global/specifications/coffee-script-source-1.7.0.gemspec
I, [2014-02-03T21:34:14.135527 #82092]  INFO -- : 0:  execjs (2.0.2) from /Users/attachments/.rvm/gems/ruby-2.0.0-p353@global/specifications/execjs-2.0.2.gemspec
I, [2014-02-03T21:34:14.135932 #82092]  INFO -- : 0:  coffee-script (2.2.0) from /Users/attachments/.rvm/gems/ruby-2.0.0-p353@global/specifications/coffee-script-2.2.0.gemspec
I, [2014-02-03T21:34:14.136393 #82092]  INFO -- : 0:  thor (0.18.1) from /Users/attachments/.rvm/gems/ruby-2.0.0-p353@global/specifications/thor-0.18.1.gemspec
I, [2014-02-03T21:34:14.136883 #82092]  INFO -- : 0:  railties (4.0.0) from /Users/attachments/.rvm/gems/ruby-2.0.0-p353@global/specifications/railties-4.0.0.gemspec
I, [2014-02-03T21:34:14.137388 #82092]  INFO -- : 0:  coffee-rails (4.0.1) from /Users/attachments/.rvm/gems/ruby-2.0.0-p353@global/specifications/coffee-rails-4.0.1.gemspec
I, [2014-02-03T21:34:14.137886 #82092]  INFO -- : 0:  hike (1.2.3) from /Users/attachments/.rvm/gems/ruby-2.0.0-p353@global/specifications/hike-1.2.3.gemspec
I, [2014-02-03T21:34:14.138269 #82092]  INFO -- : 0:  jbuilder (1.5.3) from /Users/attachments/.rvm/gems/ruby-2.0.0-p353@global/specifications/jbuilder-1.5.3.gemspec
I, [2014-02-03T21:34:14.138645 #82092]  INFO -- : 0:  jquery-rails (3.1.0) from /Users/attachments/.rvm/gems/ruby-2.0.0-p353@global/specifications/jquery-rails-3.1.0.gemspec
I, [2014-02-03T21:34:14.139025 #82092]  INFO -- : 0:  json (1.8.1) from /Users/attachments/.rvm/gems/ruby-2.0.0-p353@global/specifications/json-1.8.1.gemspec
I, [2014-02-03T21:34:14.139396 #82092]  INFO -- : 0:  pg (0.17.1) from /Users/attachments/.rvm/gems/ruby-2.0.0-p353@global/specifications/pg-0.17.1.gemspec
I, [2014-02-03T21:34:14.139789 #82092]  INFO -- : 0:  bundler (1.5.1) from /Users/attachments/.rvm/gems/ruby-2.0.0-p353@global/specifications/bundler-1.5.1.gemspec
I, [2014-02-03T21:34:14.140278 #82092]  INFO -- : 0:  tilt (1.4.1) from /Users/attachments/.rvm/gems/ruby-2.0.0-p353@global/specifications/tilt-1.4.1.gemspec
I, [2014-02-03T21:34:14.140775 #82092]  INFO -- : 0:  sprockets (2.10.1) from /Users/attachments/.rvm/gems/ruby-2.0.0-p353@global/specifications/sprockets-2.10.1.gemspec
I, [2014-02-03T21:34:14.141271 #82092]  INFO -- : 0:  sprockets-rails (2.0.1) from /Users/attachments/.rvm/gems/ruby-2.0.0-p353@global/specifications/sprockets-rails-2.0.1.gemspec
I, [2014-02-03T21:34:14.141801 #82092]  INFO -- : 0:  rails (4.0.0) from /Users/attachments/.rvm/gems/ruby-2.0.0-p353@global/specifications/rails-4.0.0.gemspec
I, [2014-02-03T21:34:14.142307 #82092]  INFO -- : 0:  rdoc (4.1.1) from /Users/attachments/.rvm/gems/ruby-2.0.0-p353@global/specifications/rdoc-4.1.1.gemspec
I, [2014-02-03T21:34:14.142731 #82092]  INFO -- : 0:  sass (3.2.14) from /Users/attachments/.rvm/gems/ruby-2.0.0-p353@global/specifications/sass-3.2.14.gemspec
I, [2014-02-03T21:34:14.143113 #82092]  INFO -- : 0:  sass-rails (4.0.1) from /Users/attachments/.rvm/gems/ruby-2.0.0-p353@global/specifications/sass-rails-4.0.1.gemspec
I, [2014-02-03T21:34:14.143481 #82092]  INFO -- : 0:  sdoc (0.4.0) from /Users/attachments/.rvm/gems/ruby-2.0.0-p353@global/specifications/sdoc-0.4.0.gemspec
I, [2014-02-03T21:34:14.143859 #82092]  INFO -- : 0:  turbolinks (2.2.1) from /Users/attachments/.rvm/gems/ruby-2.0.0-p353@global/specifications/turbolinks-2.2.1.gemspec
I, [2014-02-03T21:34:14.144230 #82092]  INFO -- : 0:  uglifier (2.4.0) from /Users/attachments/.rvm/gems/ruby-2.0.0-p353@global/specifications/uglifier-2.4.0.gemspec
I, [2014-02-03T21:35:02.579427 #82101]  INFO -- : 0:  rake (10.1.1) from /Users/attachments/.rvm/gems/ruby-2.0.0-p353/specifications/rake-10.1.1.gemspec
I, [2014-02-03T21:35:02.579877 #82101]  INFO -- : 0:  i18n (0.6.9) from /Users/attachments/.rvm/gems/ruby-2.0.0-p353/specifications/i18n-0.6.9.gemspec
I, [2014-02-03T21:35:02.580284 #82101]  INFO -- : 0:  minitest (4.7.5) from /Users/attachments/.rvm/gems/ruby-2.0.0-p353@global/specifications/minitest-4.7.5.gemspec
I, [2014-02-03T21:35:02.580684 #82101]  INFO -- : 0:  multi_json (1.8.4) from /Users/attachments/.rvm/gems/ruby-2.0.0-p353/specifications/multi_json-1.8.4.gemspec
I, [2014-02-03T21:35:02.581127 #82101]  INFO -- : 0:  atomic (1.1.14) from /Users/attachments/.rvm/gems/ruby-2.0.0-p353@global/specifications/atomic-1.1.14.gemspec
I, [2014-02-03T21:35:02.581519 #82101]  INFO -- : 0:  thread_safe (0.1.3) from /Users/attachments/.rvm/gems/ruby-2.0.0-p353@global/specifications/thread_safe-0.1.3.gemspec
I, [2014-02-03T21:35:02.581879 #82101]  INFO -- : 0:  tzinfo (0.3.38) from /Users/attachments/.rvm/gems/ruby-2.0.0-p353@global/specifications/tzinfo-0.3.38.gemspec
I, [2014-02-03T21:35:02.582313 #82101]  INFO -- : 0:  activesupport (4.0.0) from /Users/attachments/.rvm/gems/ruby-2.0.0-p353@global/specifications/activesupport-4.0.0.gemspec
I, [2014-02-03T21:35:02.582756 #82101]  INFO -- : 0:  builder (3.1.4) from /Users/attachments/.rvm/gems/ruby-2.0.0-p353@global/specifications/builder-3.1.4.gemspec
I, [2014-02-03T21:35:02.583118 #82101]  INFO -- : 0:  erubis (2.7.0) from /Users/attachments/.rvm/gems/ruby-2.0.0-p353@global/specifications/erubis-2.7.0.gemspec
I, [2014-02-03T21:35:02.583505 #82101]  INFO -- : 0:  rack (1.5.2) from /Users/attachments/.rvm/gems/ruby-2.0.0-p353@global/specifications/rack-1.5.2.gemspec
I, [2014-02-03T21:35:02.583932 #82101]  INFO -- : 0:  rack-test (0.6.2) from /Users/attachments/.rvm/gems/ruby-2.0.0-p353@global/specifications/rack-test-0.6.2.gemspec
I, [2014-02-03T21:35:02.584364 #82101]  INFO -- : 0:  actionpack (4.0.0) from /Users/attachments/.rvm/gems/ruby-2.0.0-p353@global/specifications/actionpack-4.0.0.gemspec
I, [2014-02-03T21:35:02.584802 #82101]  INFO -- : 0:  mime-types (1.25.1) from /Users/attachments/.rvm/gems/ruby-2.0.0-p353@global/specifications/mime-types-1.25.1.gemspec
I, [2014-02-03T21:35:02.585170 #82101]  INFO -- : 0:  polyglot (0.3.3) from /Users/attachments/.rvm/gems/ruby-2.0.0-p353@global/specifications/polyglot-0.3.3.gemspec
I, [2014-02-03T21:35:02.585555 #82101]  INFO -- : 0:  treetop (1.4.15) from /Users/attachments/.rvm/gems/ruby-2.0.0-p353@global/specifications/treetop-1.4.15.gemspec
I, [2014-02-03T21:35:02.585913 #82101]  INFO -- : 0:  mail (2.5.4) from /Users/attachments/.rvm/gems/ruby-2.0.0-p353@global/specifications/mail-2.5.4.gemspec
I, [2014-02-03T21:35:02.586332 #82101]  INFO -- : 0:  actionmailer (4.0.0) from /Users/attachments/.rvm/gems/ruby-2.0.0-p353@global/specifications/actionmailer-4.0.0.gemspec
I, [2014-02-03T21:35:02.586774 #82101]  INFO -- : 0:  activemodel (4.0.0) from /Users/attachments/.rvm/gems/ruby-2.0.0-p353@global/specifications/activemodel-4.0.0.gemspec
I, [2014-02-03T21:35:02.587152 #82101]  INFO -- : 0:  activerecord-deprecated_finders (1.0.3) from /Users/attachments/.rvm/gems/ruby-2.0.0-p353@global/specifications/activerecord-deprecated_finders-1.0.3.gemspec
I, [2014-02-03T21:35:02.587506 #82101]  INFO -- : 0:  arel (4.0.1) from /Users/attachments/.rvm/gems/ruby-2.0.0-p353@global/specifications/arel-4.0.1.gemspec
I, [2014-02-03T21:35:02.587898 #82101]  INFO -- : 0:  activerecord (4.0.0) from /Users/attachments/.rvm/gems/ruby-2.0.0-p353@global/specifications/activerecord-4.0.0.gemspec
I, [2014-02-03T21:35:02.588248 #82101]  INFO -- : 0:  coffee-script-source (1.7.0) from /Users/attachments/.rvm/gems/ruby-2.0.0-p353@global/specifications/coffee-script-source-1.7.0.gemspec
I, [2014-02-03T21:35:02.588640 #82101]  INFO -- : 0:  execjs (2.0.2) from /Users/attachments/.rvm/gems/ruby-2.0.0-p353@global/specifications/execjs-2.0.2.gemspec
I, [2014-02-03T21:35:02.589062 #82101]  INFO -- : 0:  coffee-script (2.2.0) from /Users/attachments/.rvm/gems/ruby-2.0.0-p353@global/specifications/coffee-script-2.2.0.gemspec
I, [2014-02-03T21:35:02.589426 #82101]  INFO -- : 0:  thor (0.18.1) from /Users/attachments/.rvm/gems/ruby-2.0.0-p353@global/specifications/thor-0.18.1.gemspec
I, [2014-02-03T21:35:02.589786 #82101]  INFO -- : 0:  railties (4.0.0) from /Users/attachments/.rvm/gems/ruby-2.0.0-p353@global/specifications/railties-4.0.0.gemspec
I, [2014-02-03T21:35:02.590136 #82101]  INFO -- : 0:  coffee-rails (4.0.1) from /Users/attachments/.rvm/gems/ruby-2.0.0-p353@global/specifications/coffee-rails-4.0.1.gemspec
I, [2014-02-03T21:35:02.590504 #82101]  INFO -- : 0:  hike (1.2.3) from /Users/attachments/.rvm/gems/ruby-2.0.0-p353@global/specifications/hike-1.2.3.gemspec
I, [2014-02-03T21:35:02.590857 #82101]  INFO -- : 0:  jbuilder (1.5.3) from /Users/attachments/.rvm/gems/ruby-2.0.0-p353@global/specifications/jbuilder-1.5.3.gemspec
I, [2014-02-03T21:35:02.591232 #82101]  INFO -- : 0:  jquery-rails (3.1.0) from /Users/attachments/.rvm/gems/ruby-2.0.0-p353@global/specifications/jquery-rails-3.1.0.gemspec
I, [2014-02-03T21:35:02.591606 #82101]  INFO -- : 0:  json (1.8.1) from /Users/attachments/.rvm/gems/ruby-2.0.0-p353@global/specifications/json-1.8.1.gemspec
I, [2014-02-03T21:35:02.592012 #82101]  INFO -- : 0:  pg (0.17.1) from /Users/attachments/.rvm/gems/ruby-2.0.0-p353@global/specifications/pg-0.17.1.gemspec
I, [2014-02-03T21:35:02.592367 #82101]  INFO -- : 0:  bundler (1.5.1) from /Users/attachments/.rvm/gems/ruby-2.0.0-p353@global/specifications/bundler-1.5.1.gemspec
I, [2014-02-03T21:35:02.592719 #82101]  INFO -- : 0:  tilt (1.4.1) from /Users/attachments/.rvm/gems/ruby-2.0.0-p353@global/specifications/tilt-1.4.1.gemspec
I, [2014-02-03T21:35:02.593156 #82101]  INFO -- : 0:  sprockets (2.10.1) from /Users/attachments/.rvm/gems/ruby-2.0.0-p353@global/specifications/sprockets-2.10.1.gemspec
I, [2014-02-03T21:35:02.593685 #82101]  INFO -- : 0:  sprockets-rails (2.0.1) from /Users/attachments/.rvm/gems/ruby-2.0.0-p353@global/specifications/sprockets-rails-2.0.1.gemspec
I, [2014-02-03T21:35:02.594207 #82101]  INFO -- : 0:  rails (4.0.0) from /Users/attachments/.rvm/gems/ruby-2.0.0-p353@global/specifications/rails-4.0.0.gemspec
I, [2014-02-03T21:35:02.594718 #82101]  INFO -- : 0:  rdoc (4.1.1) from /Users/attachments/.rvm/gems/ruby-2.0.0-p353@global/specifications/rdoc-4.1.1.gemspec
I, [2014-02-03T21:35:02.595082 #82101]  INFO -- : 0:  sass (3.2.14) from /Users/attachments/.rvm/gems/ruby-2.0.0-p353@global/specifications/sass-3.2.14.gemspec
I, [2014-02-03T21:35:02.595495 #82101]  INFO -- : 0:  sass-rails (4.0.1) from /Users/attachments/.rvm/gems/ruby-2.0.0-p353@global/specifications/sass-rails-4.0.1.gemspec
I, [2014-02-03T21:35:02.595834 #82101]  INFO -- : 0:  sdoc (0.4.0) from /Users/attachments/.rvm/gems/ruby-2.0.0-p353@global/specifications/sdoc-0.4.0.gemspec
I, [2014-02-03T21:35:02.596190 #82101]  INFO -- : 0:  turbolinks (2.2.1) from /Users/attachments/.rvm/gems/ruby-2.0.0-p353@global/specifications/turbolinks-2.2.1.gemspec
I, [2014-02-03T21:35:02.596550 #82101]  INFO -- : 0:  uglifier (2.4.0) from /Users/attachments/.rvm/gems/ruby-2.0.0-p353@global/specifications/uglifier-2.4.0.gemspec
